Arguments: 
  /usr/local/bin/node /usr/local/bin/yarn init

PATH: 
  /usr/local/bin:/usr/bin:/bin:/usr/sbin:/sbin

Yarn version: 
  1.22.18

Node version: 
  16.14.2

Platform: 
  darwin x64

Trace: 
  Error: canceled
      at Interface.<anonymous> (/usr/local/lib/node_modules/yarn/lib/cli.js:137143:13)
      at Interface.emit (node:events:526:28)
      at Interface._ttyWrite (node:readline:1081:16)
      at ReadStream.onkeypress (node:readline:288:10)
      at ReadStream.emit (node:events:526:28)
      at emitKeys (node:internal/readline/utils:358:14)
      at emitKeys.next (<anonymous>)
      at ReadStream.onData (node:internal/readline/emitKeypressEvents:61:36)
      at ReadStream.emit (node:events:526:28)
      at addChunk (node:internal/streams/readable:315:12)

npm manifest: 
  {
    "name": "emberapp",
    "version": "0.1.0",
    "private": false,
    "scripts": {
      "serve": "vue-cli-service serve",
      "lint": "vue-cli-service lint --fix",
      "build": "npm run lint -- --fix && vue-cli-service build"
    },
    "dependencies": {
      "@fortawesome/fontawesome-free": "5.15.3",
      "clear": "^0.1.0",
      "core-js": "^3.6.5",
      "roboto-fontface": "*",
      "vue": "^2.6.11",
      "vue-router": "^3.2.0",
      "vuetify": "^2.4.0",
      "vuex": "^3.4.0"
    },
    "devDependencies": {
      "@vue/cli-plugin-babel": "~4.5.0",
      "@vue/cli-plugin-eslint": "~4.5.0",
      "@vue/cli-plugin-router": "~4.5.0",
      "@vue/cli-plugin-vuex": "~4.5.0",
      "@vue/cli-service": "~4.5.0",
      "@vue/eslint-config-prettier": "^6.0.0",
      "babel-eslint": "^10.1.0",
      "eslint": "^6.8.0",
      "eslint-plugin-prettier": "^3.3.1",
      "eslint-plugin-vue": "^6.2.2",
      "eslint-plugin-vuetify": "^1.1.0",
      "prettier": "^2.2.1",
      "sass": "~1.32.0",
      "sass-loader": "^10.0.0",
      "vue-cli-plugin-vuetify": "~2.4.1",
      "vue-eslint-parser": "^9.0.2",
      "vue-template-compiler": "^2.6.11",
      "vuetify-loader": "^1.7.0"
    }
  }

yarn manifest: 
  No manifest

Lockfile: 
  No lockfile
